# JRE version: Java(TM) SE Runtime Environment (8.0_40-b25) (build 1.8.0_40-b25)
# Java VM: Java HotSpot(TM) 64-Bit Server VM (25.40-b25 mixed mode bsd-amd64 compressed oops)
Heap:
 PSYoungGen      total 272896K, used 70581K [0x00000007aab00000, 0x00000007bc000000, 0x00000007c0000000)
  eden space 262144K, 26% used [0x00000007aab00000,0x00000007aefed5c8,0x00000007bab00000)
  from space 10752K, 0% used [0x00000007bb580000,0x00000007bb580000,0x00000007bc000000)
  to   space 10752K, 0% used [0x00000007bab00000,0x00000007bab00000,0x00000007bb580000)
 ParOldGen       total 105984K, used 10430K [0x0000000780000000, 0x0000000786780000, 0x00000007aab00000)
  object space 105984K, 9% used [0x0000000780000000,0x0000000780a2f8f8,0x0000000786780000)
 Metaspace       used 21312K, capacity 21902K, committed 22144K, reserved 1069056K
  class space    used 2712K, capacity 2908K, committed 2944K, reserved 1048576K
GC Heap History (10 events):
Event: 0.876 GC heap before
{Heap before GC invocations=1 (full 0):
 PSYoungGen      total 76288K, used 65536K [0x00000007aab00000, 0x00000007b0000000, 0x00000007c0000000)
  eden space 65536K, 100% used [0x00000007aab00000,0x00000007aeb00000,0x00000007aeb00000)
  from space 10752K, 0% used [0x00000007af580000,0x00000007af580000,0x00000007b0000000)
  to   space 10752K, 0% used [0x00000007aeb00000,0x00000007aeb00000,0x00000007af580000)
 ParOldGen       total 175104K, used 0K [0x0000000780000000, 0x000000078ab00000, 0x00000007aab00000)
  object space 175104K, 0% used [0x0000000780000000,0x0000000780000000,0x000000078ab00000)
 Metaspace       used 12138K, capacity 12436K, committed 12544K, reserved 1060864K
  class space    used 1630K, capacity 1715K, committed 1792K, reserved 1048576K
Event: 0.886 GC heap after
Heap after GC invocations=1 (full 0):
 PSYoungGen      total 76288K, used 9317K [0x00000007aab00000, 0x00000007b4000000, 0x00000007c0000000)
  eden space 65536K, 0% used [0x00000007aab00000,0x00000007aab00000,0x00000007aeb00000)
  from space 10752K, 86% used [0x00000007aeb00000,0x00000007af4196a0,0x00000007af580000)
  to   space 10752K, 0% used [0x00000007b3580000,0x00000007b3580000,0x00000007b4000000)
 ParOldGen       total 175104K, used 16K [0x0000000780000000, 0x000000078ab00000, 0x00000007aab00000)
  object space 175104K, 0% used [0x0000000780000000,0x0000000780004000,0x000000078ab00000)
 Metaspace       used 12138K, capacity 12436K, committed 12544K, reserved 1060864K
  class space    used 1630K, capacity 1715K, committed 1792K, reserved 1048576K
}
Event: 1.778 GC heap before
{Heap before GC invocations=2 (full 0):
 PSYoungGen      total 76288K, used 74853K [0x00000007aab00000, 0x00000007b4000000, 0x00000007c0000000)
  eden space 65536K, 100% used [0x00000007aab00000,0x00000007aeb00000,0x00000007aeb00000)
  from space 10752K, 86% used [0x00000007aeb00000,0x00000007af4196a0,0x00000007af580000)
  to   space 10752K, 0% used [0x00000007b3580000,0x00000007b3580000,0x00000007b4000000)
 ParOldGen       total 175104K, used 16K [0x0000000780000000, 0x000000078ab00000, 0x00000007aab00000)
  object space 175104K, 0% used [0x0000000780000000,0x0000000780004000,0x000000078ab00000)
 Metaspace       used 19560K, capacity 20010K, committed 20224K, reserved 1067008K
  class space    used 2612K, capacity 2776K, committed 2816K, reserved 1048576K
Event: 1.789 GC heap after
Heap after GC invocations=2 (full 0):
 PSYoungGen      total 141824K, used 10737K [0x00000007aab00000, 0x00000007b4000000, 0x00000007c0000000)
  eden space 131072K, 0% used [0x00000007aab00000,0x00000007aab00000,0x00000007b2b00000)
  from space 10752K, 99% used [0x00000007b3580000,0x00000007b3ffc4d8,0x00000007b4000000)
  to   space 10752K, 0% used [0x00000007b2b00000,0x00000007b2b00000,0x00000007b3580000)
 ParOldGen       total 175104K, used 1273K [0x0000000780000000, 0x000000078ab00000, 0x00000007aab00000)
  object space 175104K, 0% used [0x0000000780000000,0x000000078013e688,0x000000078ab00000)
 Metaspace       used 19560K, capacity 20010K, committed 20224K, reserved 1067008K
  class space    used 2612K, capacity 2776K, committed 2816K, reserved 1048576K
}
Event: 2.099 GC heap before
{Heap before GC invocations=3 (full 0):
 PSYoungGen      total 141824K, used 141809K [0x00000007aab00000, 0x00000007b4000000, 0x00000007c0000000)
  eden space 131072K, 100% used [0x00000007aab00000,0x00000007b2b00000,0x00000007b2b00000)
  from space 10752K, 99% used [0x00000007b3580000,0x00000007b3ffc4d8,0x00000007b4000000)
  to   space 10752K, 0% used [0x00000007b2b00000,0x00000007b2b00000,0x00000007b3580000)
 ParOldGen       total 175104K, used 1273K [0x0000000780000000, 0x000000078ab00000, 0x00000007aab00000)
  object space 175104K, 0% used [0x0000000780000000,0x000000078013e688,0x000000078ab00000)
 Metaspace       used 19719K, capacity 20202K, committed 20480K, reserved 1067008K
  class space    used 2612K, capacity 2776K, committed 2816K, reserved 1048576K
Event: 2.106 GC heap after
Heap after GC invocations=3 (full 0):
 PSYoungGen      total 141824K, used 8040K [0x00000007aab00000, 0x00000007bc000000, 0x00000007c0000000)
  eden space 131072K, 0% used [0x00000007aab00000,0x00000007aab00000,0x00000007b2b00000)
  from space 10752K, 74% used [0x00000007b2b00000,0x00000007b32da0e0,0x00000007b3580000)
  to   space 10752K, 0% used [0x00000007bb580000,0x00000007bb580000,0x00000007bc000000)
 ParOldGen       total 175104K, used 1281K [0x0000000780000000, 0x000000078ab00000, 0x00000007aab00000)
  object space 175104K, 0% used [0x0000000780000000,0x0000000780140688,0x000000078ab00000)
 Metaspace       used 19719K, capacity 20202K, committed 20480K, reserved 1067008K
  class space    used 2612K, capacity 2776K, committed 2816K, reserved 1048576K
}
Event: 2.356 GC heap before
{Heap before GC invocations=4 (full 0):
 PSYoungGen      total 141824K, used 87384K [0x00000007aab00000, 0x00000007bc000000, 0x00000007c0000000)
  eden space 131072K, 60% used [0x00000007aab00000,0x00000007af87bf80,0x00000007b2b00000)
  from space 10752K, 74% used [0x00000007b2b00000,0x00000007b32da0e0,0x00000007b3580000)
  to   space 10752K, 0% used [0x00000007bb580000,0x00000007bb580000,0x00000007bc000000)
 ParOldGen       total 175104K, used 1281K [0x0000000780000000, 0x000000078ab00000, 0x00000007aab00000)
  object space 175104K, 0% used [0x0000000780000000,0x0000000780140688,0x000000078ab00000)
 Metaspace       used 20616K, capacity 21198K, committed 21296K, reserved 1067008K
  class space    used 2707K, capacity 2908K, committed 2944K, reserved 1048576K
Event: 2.365 GC heap after
Heap after GC invocations=4 (full 0):
 PSYoungGen      total 272896K, used 10640K [0x00000007aab00000, 0x00000007bc000000, 0x00000007c0000000)
  eden space 262144K, 0% used [0x00000007aab00000,0x00000007aab00000,0x00000007bab00000)
  from space 10752K, 98% used [0x00000007bb580000,0x00000007bbfe4280,0x00000007bc000000)
  to   space 10752K, 0% used [0x00000007bab00000,0x00000007bab00000,0x00000007bb580000)
 ParOldGen       total 175104K, used 1289K [0x0000000780000000, 0x000000078ab00000, 0x00000007aab00000)
  object space 175104K, 0% used [0x0000000780000000,0x0000000780142688,0x000000078ab00000)
 Metaspace       used 20616K, capacity 21198K, committed 21296K, reserved 1067008K
  class space    used 2707K, capacity 2908K, committed 2944K, reserved 1048576K
}
Event: 2.365 GC heap before
{Heap before GC invocations=5 (full 1):
 PSYoungGen      total 272896K, used 10640K [0x00000007aab00000, 0x00000007bc000000, 0x00000007c0000000)
  eden space 262144K, 0% used [0x00000007aab00000,0x00000007aab00000,0x00000007bab00000)
  from space 10752K, 98% used [0x00000007bb580000,0x00000007bbfe4280,0x00000007bc000000)
  to   space 10752K, 0% used [0x00000007bab00000,0x00000007bab00000,0x00000007bb580000)
 ParOldGen       total 175104K, used 1289K [0x0000000780000000, 0x000000078ab00000, 0x00000007aab00000)
  object space 175104K, 0% used [0x0000000780000000,0x0000000780142688,0x000000078ab00000)
 Metaspace       used 20616K, capacity 21198K, committed 21296K, reserved 1067008K
  class space    used 2707K, capacity 2908K, committed 2944K, reserved 1048576K
Event: 2.399 GC heap after
Heap after GC invocations=5 (full 1):
 PSYoungGen      total 272896K, used 0K [0x00000007aab00000, 0x00000007bc000000, 0x00000007c0000000)
  eden space 262144K, 0% used [0x00000007aab00000,0x00000007aab00000,0x00000007bab00000)
  from space 10752K, 0% used [0x00000007bb580000,0x00000007bb580000,0x00000007bc000000)
  to   space 10752K, 0% used [0x00000007bab00000,0x00000007bab00000,0x00000007bb580000)
 ParOldGen       total 105984K, used 10430K [0x0000000780000000, 0x0000000786780000, 0x00000007aab00000)
  object space 105984K, 9% used [0x0000000780000000,0x0000000780a2f8f8,0x0000000786780000)
 Metaspace       used 20616K, capacity 21198K, committed 21296K, reserved 1067008K
  class space    used 2707K, capacity 2908K, committed 2944K, reserved 1048576K
}

